<?xml version="1.0" encoding="UTF-8"?>
<!-- Generated by org.testng.reporters.JUnitReportReporter -->
<testsuite hostname="LAPTOP-AGNIVO" failures="0" tests="1" name="automation.testing.test" time="0.012" errors="0" timestamp="2023-03-28T18:33:56 IST" skipped="0">
  <testcase classname="automation.testing.test" name="my" time="0.012"/>
  <system-out/>
</testsuite> <!-- automation.testing.test -->
