<?xml version="1.0" encoding="UTF-8"?>
<!-- Generated by org.testng.reporters.JUnitReportReporter -->
<testsuite hostname="LAPTOP-AGNIVO" failures="0" tests="1" name="automation.testing.test" time="0.016" errors="0" timestamp="2023-01-29T23:59:29 IST" skipped="0">
  <testcase classname="automation.testing.test" name="my" time="0.016"/>
  <system-out/>
</testsuite> <!-- automation.testing.test -->
