<?xml version="1.0" encoding="UTF-8"?>
<!-- Generated by org.testng.reporters.JUnitReportReporter -->
<testsuite hostname="LAPTOP-AGNIVO" failures="0" tests="5" name="cucumber.TestRunner" time="33.432" errors="0" timestamp="2023-03-24T20:19:36 IST" skipped="0">
  <testcase classname="cucumber.TestRunner" name="runScenario" time="6.786"/>
  <system-out/>
  <testcase classname="cucumber.TestRunner" name="runScenario" time="8.080"/>
  <system-out/>
  <testcase classname="cucumber.TestRunner" name="runScenario" time="5.623"/>
  <system-out/>
  <testcase classname="cucumber.TestRunner" name="runScenario" time="7.864"/>
  <system-out/>
  <testcase classname="cucumber.TestRunner" name="runScenario" time="5.079"/>
  <system-out/>
</testsuite> <!-- cucumber.TestRunner -->
