<?xml version="1.0" encoding="UTF-8"?>
<!-- Generated by org.testng.reporters.JUnitReportReporter -->
<testsuite hostname="LAPTOP-AGNIVO" failures="0" tests="1" name="automation.testing.ErrorValidation" time="12.915" errors="0" timestamp="2023-03-24T20:25:09 IST" skipped="0">
  <testcase classname="automation.testing.ErrorValidation" name="ErrorTesting" time="12.915"/>
  <system-out/>
</testsuite> <!-- automation.testing.ErrorValidation -->
