<?xml version="1.0" encoding="UTF-8"?>
<!-- Generated by org.testng.reporters.JUnitReportReporter -->
<testsuite hostname="LAPTOP-AGNIVO" failures="0" tests="4" name="automation.testing.StandByTesting" time="29.762" errors="0" timestamp="2023-02-26T03:49:08 IST" skipped="0">
  <testcase classname="automation.testing.StandByTesting" name="orderHistoryTest" time="5.136"/>
  <system-out/>
  <testcase classname="automation.testing.StandByTesting" name="endToEndTest" time="8.390"/>
  <system-out/>
  <testcase classname="automation.testing.StandByTesting" name="endToEndTest" time="7.433"/>
  <system-out/>
  <testcase classname="automation.testing.StandByTesting" name="orderHistoryTest" time="8.803"/>
  <system-out/>
</testsuite> <!-- automation.testing.StandByTesting -->
