<?xml version="1.0" encoding="UTF-8"?>
<!-- Generated by org.testng.reporters.JUnitReportReporter -->
<testsuite hostname="LAPTOP-AGNIVO" failures="0" tests="1" name="automation.testing.ErrorValidation" time="9.881" errors="0" timestamp="2023-02-26T03:49:08 IST" skipped="0">
  <testcase classname="automation.testing.ErrorValidation" name="ErrorTesting" time="9.881"/>
  <system-out/>
</testsuite> <!-- automation.testing.ErrorValidation -->
